1 17035
2 17035
3 17035
4 17035
5 17174
6 17260
7 17456
8 17881
9 17881
10 18362
11 18414
12 18683
13 18768
14 19338
15 19440
16 19944
17 19944
18 20242
19 20540
20 20642
21 20825
22 20879
23 20983
24 21165
25 21197
26 21223
27 21243
28 21243
29 21376
30 21415
31 21415
32 21426
33 21438
34 21469
35 21490
36 21501
37 21519
38 21519
39 21519
40 21519
41 21519
42 21520
43 21536
44 21541
45 21559
46 21567
47 21577
48 21584
49 21584
50 21584
51 21586
52 21586
53 21586
54 21587
55 21587
56 21587
57 21588
58 21588
59 21588
60 21588
61 21588
62 21588
63 21588
64 21588
65 21588
66 21588
67 21588
68 21588
69 21588
70 21588
71 21588
72 21588
73 21588
74 21588
75 21588
76 21588
77 21588
78 21588
79 21597
80 21597
81 21597
82 21597
83 21597
84 21597
85 21597
86 21597
87 21597
88 21597
